anxiety est present : 5 fois dans le fichier txt
arrhythmias est present : 8 fois dans le fichier txt
blindness est present : 9 fois dans le fichier txt
blurred vision est present : 14 fois dans le fichier txt
constricted pupils est present : 17 fois dans le fichier txt
cough est present : 23 fois dans le fichier txt
dialated pupils est present : 27 fois dans le fichier txt
dizziness est present : 32 fois dans le fichier txt
dry mouth est present : 40 fois dans le fichier txt
fever est present : 47 fois dans le fichier txt
headache est present : 50 fois dans le fichier txt
high blood pressure est present : 60 fois dans le fichier txt
inflamation est present : 67 fois dans le fichier txt
insomnia est present : 71 fois dans le fichier txt
low blood pressure est present : 75 fois dans le fichier txt
nausea est present : 80 fois dans le fichier txt
rapid heart rate est present : 81 fois dans le fichier txt
rash est present : 85 fois dans le fichier txt
shortness of breath est present : 88 fois dans le fichier txt
stiff neck est present : 92 fois dans le fichier txt
stomach pain est present : 95 fois dans le fichier txt
tremor est present : 99 fois dans le fichier txt
water retention est present : 100 fois dans le fichier txt
